
Showing logs for build [32mcb-kubecd-environment-pr-190-5-b5b5r-1[0m stage [32mfrom-build-pack[0m and container [32mstep-credential-initializer-fzvtq[0m
{"level":"warn","ts":1585242851.8851845,"logger":"fallback-logger","caller":"logging/config.go:69","msg":"Fetch GitHub commit ID from kodata failed: \"ref: refs/heads/0.8.0-**-support-backwards-incompats\" is not a valid GitHub commit ID"}
{"level":"info","ts":1585242851.886903,"logger":"fallback-logger","caller":"creds-init/main.go:40","msg":"Credentials initialized."}

Showing logs for build [32mcb-kubecd-environment-pr-190-5-b5b5r-1[0m stage [32mfrom-build-pack[0m and container [32mstep-working-dir-initializer-xh6j4[0m
{"level":"warn","ts":1585242853.5684114,"logger":"fallback-logger","caller":"logging/config.go:69","msg":"Fetch GitHub commit ID from kodata failed: open /var/run/ko/HEAD: no such file or directory"}
{"level":"info","ts":1585242853.5703857,"logger":"fallback-logger","caller":"bash/main.go:64","msg":"Successfully executed command \"sh -c mkdir -p /workspace/source\"; output "}

Showing logs for build [32mcb-kubecd-environment-pr-190-5-b5b5r-1[0m stage [32mfrom-build-pack[0m and container [32mstep-place-tools[0m

Showing logs for build [32mcb-kubecd-environment-pr-190-5-b5b5r-1[0m stage [32mfrom-build-pack[0m and container [32mstep-git-source-cb-kubecd-environment-pr-190-5-b5b5r-ccdtc[0m
{"level":"warn","ts":1585242857.683282,"logger":"fallback-logger","caller":"logging/config.go:69","msg":"Fetch GitHub commit ID from kodata failed: \"ref: refs/heads/0.8.0-**-support-backwards-incompats\" is not a valid GitHub commit ID"}
{"level":"info","ts":1585242858.7077358,"logger":"fallback-logger","caller":"git/git.go:103","msg":"Successfully cloned https://github.com/cb-kubecd/environment-pr-190-5-boot-gke-staging.git @ master in path /workspace/source"}

Showing logs for build [32mcb-kubecd-environment-pr-190-5-b5b5r-1[0m stage [32mfrom-build-pack[0m and container [32mstep-git-merge[0m
Using SHAs from PULL_REFS=master:84b467e2df66cede87ba6256e1f1628ee5d3ebbc,4:c42a251c77f37b7e4acf5c706d6f405ea1a508e8
DEBUG: LC_ALL=C JX_LOG_LEVEL=error git fetch origin --unshallow c42a251c77f37b7e4acf5c706d6f405ea1a508e8: 84b467e2df66cede87ba6256e1f1628ee5d3ebbc:
DEBUG: ran git fetch --unshallow origin c42a251c77f37b7e4acf5c706d6f405ea1a508e8: 84b467e2df66cede87ba6256e1f1628ee5d3ebbc: in 
DEBUG: LC_ALL=C JX_LOG_LEVEL=error git branch
DEBUG: LC_ALL=C JX_LOG_LEVEL=error git checkout master
DEBUG: ran git checkout master in 
DEBUG: LC_ALL=C JX_LOG_LEVEL=error git reset --hard 84b467e2df66cede87ba6256e1f1628ee5d3ebbc
DEBUG: ran git reset --hard 84b467e2df66cede87ba6256e1f1628ee5d3ebbc in 
DEBUG: LC_ALL=C JX_LOG_LEVEL=error git clean -fd .
DEBUG: ran clean --force -d . in 
DEBUG: LC_ALL=C JX_LOG_LEVEL=error git merge c42a251c77f37b7e4acf5c706d6f405ea1a508e8
DEBUG: ran git merge c42a251c77f37b7e4acf5c706d6f405ea1a508e8 in 
DEBUG: JX_LOG_LEVEL=error LC_ALL=C git log --format=%H%x1f%an%x1f%ae%x1f%cn%x1f%ce%x1f%s%n%b%x1e 84b467e2df66cede87ba6256e1f1628ee5d3ebbc..HEAD
Merged SHA c42a251c77f37b7e4acf5c706d6f405ea1a508e8 with commit message 'chore: Promote bdd-gh-1585240979 to version 0.0.1' into base branch master

Showing logs for build [32mcb-kubecd-environment-pr-190-5-b5b5r-1[0m stage [32mfrom-build-pack[0m and container [32mstep-build-helm-build[0m
WARNING: No $CHART_REPOSITORY defined so using the default value of: http://jenkins-x-chartmuseum:8080
Adding missing Helm repo: storage.googleapis.com https://storage.googleapis.com/chartmuseum.jenkins-x.io
WARNING: No secrets found on "helm/repos" due: reading the secret "helm/repos" from vault: no secret "helm/repos" not found in vault
Read credentials for https://storage.googleapis.com/chartmuseum.jenkins-x.io from vault helm/repos
Successfully added Helm repository storage.googleapis.com.
Adding missing Helm repo: jenkins-x-chartmuseum http://jenkins-x-chartmuseum:8080
WARNING: No secrets found on "helm/repos" due: reading the secret "helm/repos" from vault: no secret "helm/repos" not found in vault
Read credentials for http://jenkins-x-chartmuseum:8080 from vault helm/repos
Successfully added Helm repository jenkins-x-chartmuseum.
WARNING: No $CHART_REPOSITORY defined so using the default value of: http://jenkins-x-chartmuseum:8080
Adding missing Helm repo: chartmuseum.jenkins-x.io http://chartmuseum.jenkins-x.io
WARNING: No secrets found on "helm/repos" due: reading the secret "helm/repos" from vault: no secret "helm/repos" not found in vault
Read credentials for http://chartmuseum.jenkins-x.io from vault helm/repos
Successfully added Helm repository chartmuseum.jenkins-x.io.
